

***********************************************************************
Fatal NI connect error 12518, connecting to:
 (DESCRIPTION=(CONNECT_DATA=(SERVICE_NAME=XE)(CID=(PROGRAM=C:\Users\Papa\Dropbox\PFC YOLY\Aplicación\Project\LogsAnalyzerPFC\LogsAnalyzerPFC\bin\Debug\LogsAnalyzerPFC.exe)(HOST=MANOLITO-PC)(USER=Papa)))(ADDRESS=(PROTOCOL=TCP)(HOST=127.0.0.1)(PORT=1521)))

  VERSION INFORMATION:
	TNS for 32-bit Windows: Version 10.2.0.1.0 - Production
	Windows NT TCP/IP NT Protocol Adapter for 32-bit Windows: Version 10.2.0.1.0 - Production
  Time: 13-JUL-2015 22:12:55
  Tracing not turned on.
  Tns error struct:
    ns main err code: 12564
    

***********************************************************************
Fatal NI connect error 12528, connecting to:
 (DESCRIPTION=(CONNECT_DATA=(SERVICE_NAME=XE)(CID=(PROGRAM=C:\Users\Papa\Dropbox\PFC YOLY\Aplicación\Project\LogsAnalyzerPFC\LogsAnalyzerPFC\bin\Debug\LogsAnalyzerPFC.exe)(HOST=MANOLITO-PC)(USER=Papa)))(ADDRESS=(PROTOCOL=TCP)(HOST=127.0.0.1)(PORT=1521)))

  VERSION INFORMATION:
	TNS for 32-bit Windows: Version 10.2.0.1.0 - Production
	Windows NT TCP/IP NT Protocol Adapter for 32-bit Windows: Version 10.2.0.1.0 - Production
  Time: 13-JUL-2015 22:12:55
  Tracing not turned on.
  Tns error struct:
    ns main err code: 12564
    TNS-12564: TNS:conexión rechazada
    ns secondary err code: 0
    nt main err code: 0
    nt secondary err code: 0
    nt OS err code: 0
de: 0
    nt main err code: 0
    nt secondary err code: 0
    nt OS err code: 0


***********************************************************************
Fatal NI connect error 12514, connecting to:
 (DESCRIPTION=(CONNECT_DATA=(SERVICE_NAME=XE)(CID=(PROGRAM=C:\Users\Papa\Dropbox\PFC YOLY\Aplicación\Project\LogsAnalyzerPFC\LogsAnalyzerPFC\bin\Debug\LogsAnalyzerPFC.exe)(HOST=MANOLITO-PC)(USER=Papa)))(ADDRESS=(PROTOCOL=TCP)(HOST=127.0.0.1)(PORT=1521)))

  VERSION INFORMATION:
	TNS for 32-bit Windows: Version 10.2.0.1.0 - Production
	Windows NT TCP/IP NT Protocol Adapter for 32-bit Windows: Version 10.2.0.1.0 - Production
  Time: 13-JUL-2015 22:13:18
  Tracing not turned on.
  Tns error struct:
    ns main err code: 12564
    TNS-12564: TNS:conexión rechazada
    ns secondary err code: 0
    nt main err code: 0
    nt secondary err code: 0
    nt OS err code: 0


***********************************************************************
Fatal NI connect error 12514, connecting to:
 (DESCRIPTION=(CONNECT_DATA=(SERVICE_NAME=XE)(CID=(PROGRAM=C:\Users\Papa\Dropbox\PFC YOLY\Aplicación\Project\LogsAnalyzerPFC\LogsAnalyzerPFC\bin\Debug\LogsAnalyzerPFC.exe)(HOST=MANOLITO-PC)(USER=Papa)))(ADDRESS=(PROTOCOL=TCP)(HOST=127.0.0.1)(PORT=1521)))

  VERSION INFORMATION:
	TNS for 32-bit Windows: Version 10.2.0.1.0 - Production
	Windows NT TCP/IP NT Protocol Adapter for 32-bit Windows: Version 10.2.0.1.0 - Production
  Time: 13-JUL-2015 22:13:22
  Tracing not turned on.
  Tns error struct:
    ns main err code: 12564
    TNS-12564: TNS:conexión rechazada
    ns secondary err code: 0
    nt main err code: 0
    nt secondary err code: 0
    nt OS err code: 0


***********************************************************************
Fatal NI connect error 12514, connecting to:
 (DESCRIPTION=(CONNECT_DATA=(SERVICE_NAME=XE)(CID=(PROGRAM=C:\Users\Papa\Dropbox\PFC YOLY\Aplicación\Project\LogsAnalyzerPFC\LogsAnalyzerPFC\bin\Debug\LogsAnalyzerPFC.exe)(HOST=MANOLITO-PC)(USER=Papa)))(ADDRESS=(PROTOCOL=TCP)(HOST=127.0.0.1)(PORT=1521)))

  VERSION INFORMATION:
	TNS for 32-bit Windows: Version 10.2.0.1.0 - Production
	Windows NT TCP/IP NT Protocol Adapter for 32-bit Windows: Version 10.2.0.1.0 - Production
  Time: 13-JUL-2015 22:13:53
  Tracing not turned on.
  Tns error struct:
    ns main err code: 12564
    TNS-12564: TNS:conexión rechazada
    ns secondary err code: 0
    nt main err code: 0
    nt secondary err code: 0
    nt OS err code: 0
